#
# There is insufficient memory for the Java Runtime Environment to continue.
# Native memory allocation (malloc) failed to allocate 258736 bytes for Chunk::new
# Possible reasons:
#   The system is out of physical RAM or swap space
#   The process is running with CompressedOops enabled, and the Java Heap may be blocking the growth of the native heap
# Possible solutions:
#   Reduce memory load on the system
#   Increase physical memory or swap space
#   Check if swap backing store is full
#   Decrease Java heap size (-Xmx/-Xms)
#   Decrease number of Java threads
#   Decrease Java thread stack sizes (-Xss)
#   Set larger code cache with -XX:ReservedCodeCacheSize=
#   JVM is running with Unscaled Compressed Oops mode in which the Java heap is
#     placed in the first 4GB address space. The Java Heap base address is the
#     maximum limit for the native heap growth. Please use -XX:HeapBaseMinAddress
#     to set the Java Heap base and to place the Java Heap above 4GB virtual address.
# This output file may be truncated or incomplete.
#
#  Out of Memory Error (arena.cpp:184), pid=4188, tid=7736
#
# JRE version: Java(TM) SE Runtime Environment (19.0.2+7) (build 19.0.2+7-44)
# Java VM: Java HotSpot(TM) 64-Bit Server VM (19.0.2+7-44, mixed mode, sharing, tiered, compressed oops, compressed class ptrs, g1 gc, windows-amd64)
# No core dump will be written. Minidumps are not enabled by default on client versions of Windows
#

---------------  S U M M A R Y ------------

Command Line: -ea -javaagent:C:\Users\wiku\AppData\Local\JetBrains\IdeaIC2021.1\testAgent\intellij-coverage-agent-1.0.579.jar=C:\Users\wiku\AppData\Local\Temp\coverage1args -Didea.test.cyclic.buffer.size=1048576 -javaagent:D:\JetBrains\IntelliJ IDEA Community Edition 2021.1.1\lib\idea_rt.jar=51196:D:\JetBrains\IntelliJ IDEA Community Edition 2021.1.1\bin -Dfile.encoding=UTF-8 com.intellij.rt.testng.RemoteTestNGStarter -usedefaultlisteners false -socket51195 @w@C:\Users\wiku\AppData\Local\Temp\idea_working_dirs_testng.tmp -temp C:\Users\wiku\AppData\Local\Temp\idea_testng.tmp

Host: AMD A8-7410 APU with AMD Radeon R5 Graphics    , 4 cores, 6G,  Windows 10 , 64 bit Build 18362 (10.0.18362.1500)
Time: Thu Mar  9 15:21:41 2023 SE Asia Standard Time elapsed time: 7.922397 seconds (0d 0h 0m 7s)

---------------  T H R E A D  ---------------

Current thread (0x000001fe7e86f320):  JavaThread "C2 CompilerThread0" daemon [_thread_in_native, id=7736, stack(0x0000007b52100000,0x0000007b52200000)]


Current CompileTask:
C2:   7922 1252       4       java.util.jar.JarFile::getEntry (35 bytes)

Stack: [0x0000007b52100000,0x0000007b52200000]
Native frames: (J=compiled Java code, j=interpreted, Vv=VM code, C=native code)
V  [jvm.dll+0x6ee21a]
V  [jvm.dll+0x85765e]
V  [jvm.dll+0x85904e]
V  [jvm.dll+0x859703]
V  [jvm.dll+0x28298f]
V  [jvm.dll+0xc9adf]
V  [jvm.dll+0xc9e65]
V  [jvm.dll+0x2f7caf]
V  [jvm.dll+0x5f076b]
V  [jvm.dll+0x255483]
V  [jvm.dll+0x24da11]
V  [jvm.dll+0x24b673]
V  [jvm.dll+0x1d6ce1]
V  [jvm.dll+0x25b25a]
V  [jvm.dll+0x2596e8]
V  [jvm.dll+0x807588]
V  [jvm.dll+0x80125a]
V  [jvm.dll+0x6ecf0b]
C  [ucrtbase.dll+0x210b2]
C  [KERNEL32.DLL+0x17c24]
C  [ntdll.dll+0x6d721]


---------------  P R O C E S S  ---------------

Threads class SMR info:
_java_thread_list=0x000001fe7f23af50, length=13, elements={
0x000001fe6324d2e0, 0x000001fe7e868230, 0x000001fe7e868f20, 0x000001fe7e86bb20,
0x000001fe7e86d460, 0x000001fe7e86dd90, 0x000001fe7e86e6c0, 0x000001fe7e86f320,
0x000001fe7e8736c0, 0x000001fe7e9e8930, 0x000001fe7e837520, 0x000001fe7ec00340,
0x000001fe7ec00880
}

Java Threads: ( => current thread )
  0x000001fe6324d2e0 JavaThread "main" [_thread_in_native, id=12332, stack(0x0000007b51400000,0x0000007b51500000)]
  0x000001fe7e868230 JavaThread "Reference Handler" daemon [_thread_blocked, id=8376, stack(0x0000007b51b00000,0x0000007b51c00000)]
  0x000001fe7e868f20 JavaThread "Finalizer" daemon [_thread_blocked, id=7208, stack(0x0000007b51c00000,0x0000007b51d00000)]
  0x000001fe7e86bb20 JavaThread "Signal Dispatcher" daemon [_thread_blocked, id=8248, stack(0x0000007b51d00000,0x0000007b51e00000)]
  0x000001fe7e86d460 JavaThread "Attach Listener" daemon [_thread_blocked, id=11388, stack(0x0000007b51e00000,0x0000007b51f00000)]
  0x000001fe7e86dd90 JavaThread "Service Thread" daemon [_thread_blocked, id=12796, stack(0x0000007b51f00000,0x0000007b52000000)]
  0x000001fe7e86e6c0 JavaThread "Monitor Deflation Thread" daemon [_thread_blocked, id=7388, stack(0x0000007b52000000,0x0000007b52100000)]
=>0x000001fe7e86f320 JavaThread "C2 CompilerThread0" daemon [_thread_in_native, id=7736, stack(0x0000007b52100000,0x0000007b52200000)]
  0x000001fe7e8736c0 JavaThread "C1 CompilerThread0" daemon [_thread_blocked, id=5172, stack(0x0000007b52200000,0x0000007b52300000)]
  0x000001fe7e9e8930 JavaThread "Sweeper thread" daemon [_thread_blocked, id=2064, stack(0x0000007b52300000,0x0000007b52400000)]
  0x000001fe7e837520 JavaThread "Common-Cleaner" daemon [_thread_blocked, id=8664, stack(0x0000007b52400000,0x0000007b52500000)]
  0x000001fe7ec00340 JavaThread "Monitor Ctrl-Break" daemon [_thread_in_native, id=4024, stack(0x0000007b52600000,0x0000007b52700000)]
  0x000001fe7ec00880 JavaThread "Notification Thread" daemon [_thread_blocked, id=2224, stack(0x0000007b52700000,0x0000007b52800000)]

Other Threads:
  0x000001fe7e848ac0 VMThread "VM Thread" [stack: 0x0000007b51a00000,0x0000007b51b00000] [id=13212]
  0x000001fe6324e210 WatcherThread "VM Periodic Task Thread" [stack: 0x0000007b52800000,0x0000007b52900000] [id=12340]
  0x000001fe632a75d0 WorkerThread "GC Thread#0" [stack: 0x0000007b51500000,0x0000007b51600000] [id=8340]
  0x000001fe7f1d2c50 WorkerThread "GC Thread#1" [stack: 0x0000007b52500000,0x0000007b52600000] [id=12456]
  0x000001fe7f24d130 WorkerThread "GC Thread#2" [stack: 0x0000007b52900000,0x0000007b52a00000] [id=2248]
  0x000001fe7f24d400 WorkerThread "GC Thread#3" [stack: 0x0000007b52a00000,0x0000007b52b00000] [id=3792]
  0x000001fe632b6100 ConcurrentGCThread "G1 Main Marker" [stack: 0x0000007b51600000,0x0000007b51700000] [id=8876]
  0x000001fe632b6a40 WorkerThread "G1 Conc#0" [stack: 0x0000007b51700000,0x0000007b51800000] [id=7212]
  0x000001fe632fe870 ConcurrentGCThread "G1 Refine#0" [stack: 0x0000007b51800000,0x0000007b51900000] [id=11600]
  0x000001fe7e7064d0 ConcurrentGCThread "G1 Service" [stack: 0x0000007b51900000,0x0000007b51a00000] [id=12992]

Threads with active compile tasks:
C2 CompilerThread0     8052 1252       4       java.util.jar.JarFile::getEntry (35 bytes)

VM state: not at safepoint (normal execution)

VM Mutex/Monitor currently owned by a thread: None

Heap address: 0x0000000091200000, size: 1774 MB, Compressed Oops mode: 32-bit

CDS archive(s) mapped at: [0x0000000800000000-0x0000000800c40000-0x0000000800c40000), size 12845056, SharedBaseAddress: 0x0000000800000000, ArchiveRelocationMode: 0.
Compressed class space mapped at: 0x0000000801000000-0x0000000841000000, reserved size: 1073741824
Narrow klass base: 0x0000000800000000, Narrow klass shift: 0, Narrow klass range: 0x100000000

GC Precious Log:
 CardTable entry size: 512
 Card Set container configuration: InlinePtr #cards 5 size 8 Array Of Cards #cards 12 size 40 Howl #buckets 4 coarsen threshold 1843 Howl Bitmap #cards 512 size 80 coarsen threshold 460 Card regions per heap region 1 cards per card region 2048
 CPUs: 4 total, 4 available
 Memory: 7093M
 Large Page Support: Disabled
 NUMA Support: Disabled
 Compressed Oops: Enabled (32-bit)
 Heap Region Size: 1M
 Heap Min Capacity: 8M
 Heap Initial Capacity: 112M
 Heap Max Capacity: 1774M
 Pre-touch: Disabled
 Parallel Workers: 4
 Concurrent Workers: 1
 Concurrent Refinement Workers: 4
 Periodic GC: Disabled

Heap:
 garbage-first heap   total 114688K, used 11360K [0x0000000091200000, 0x0000000100000000)
  region size 1024K, 10 young (10240K), 2 survivors (2048K)
 Metaspace       used 6178K, committed 6400K, reserved 1114112K
  class space    used 626K, committed 704K, reserved 1048576K

Heap Regions: E=young(eden), S=young(survivor), O=old, HS=humongous(starts), HC=humongous(continues), CS=collection set, F=free, OA=open archive, CA=closed archive, TAMS=top-at-mark-start (previous, next)
|   0|0x0000000091200000, 0x0000000091300000, 0x0000000091300000|100%| O|  |TAMS 0x0000000091200000, 0x0000000091200000| Untracked 
|   1|0x0000000091300000, 0x0000000091400000, 0x0000000091400000|100%| O|  |TAMS 0x0000000091300000, 0x0000000091300000| Untracked 
|   2|0x0000000091400000, 0x0000000091418000, 0x0000000091500000|  9%| O|  |TAMS 0x0000000091400000, 0x0000000091400000| Untracked 
|   3|0x0000000091500000, 0x0000000091500000, 0x0000000091600000|  0%| F|  |TAMS 0x0000000091500000, 0x0000000091500000| Untracked 
|   4|0x0000000091600000, 0x0000000091600000, 0x0000000091700000|  0%| F|  |TAMS 0x0000000091600000, 0x0000000091600000| Untracked 
|   5|0x0000000091700000, 0x0000000091700000, 0x0000000091800000|  0%| F|  |TAMS 0x0000000091700000, 0x0000000091700000| Untracked 
|   6|0x0000000091800000, 0x0000000091800000, 0x0000000091900000|  0%| F|  |TAMS 0x0000000091800000, 0x0000000091800000| Untracked 
|   7|0x0000000091900000, 0x0000000091900000, 0x0000000091a00000|  0%| F|  |TAMS 0x0000000091900000, 0x0000000091900000| Untracked 
|   8|0x0000000091a00000, 0x0000000091a00000, 0x0000000091b00000|  0%| F|  |TAMS 0x0000000091a00000, 0x0000000091a00000| Untracked 
|   9|0x0000000091b00000, 0x0000000091b00000, 0x0000000091c00000|  0%| F|  |TAMS 0x0000000091b00000, 0x0000000091b00000| Untracked 
|  10|0x0000000091c00000, 0x0000000091c00000, 0x0000000091d00000|  0%| F|  |TAMS 0x0000000091c00000, 0x0000000091c00000| Untracked 
|  11|0x0000000091d00000, 0x0000000091d00000, 0x0000000091e00000|  0%| F|  |TAMS 0x0000000091d00000, 0x0000000091d00000| Untracked 
|  12|0x0000000091e00000, 0x0000000091e00000, 0x0000000091f00000|  0%| F|  |TAMS 0x0000000091e00000, 0x0000000091e00000| Untracked 
|  13|0x0000000091f00000, 0x0000000091f00000, 0x0000000092000000|  0%| F|  |TAMS 0x0000000091f00000, 0x0000000091f00000| Untracked 
|  14|0x0000000092000000, 0x0000000092000000, 0x0000000092100000|  0%| F|  |TAMS 0x0000000092000000, 0x0000000092000000| Untracked 
|  15|0x0000000092100000, 0x0000000092100000, 0x0000000092200000|  0%| F|  |TAMS 0x0000000092100000, 0x0000000092100000| Untracked 
|  16|0x0000000092200000, 0x0000000092200000, 0x0000000092300000|  0%| F|  |TAMS 0x0000000092200000, 0x0000000092200000| Untracked 
|  17|0x0000000092300000, 0x0000000092300000, 0x0000000092400000|  0%| F|  |TAMS 0x0000000092300000, 0x0000000092300000| Untracked 
|  18|0x0000000092400000, 0x0000000092400000, 0x0000000092500000|  0%| F|  |TAMS 0x0000000092400000, 0x0000000092400000| Untracked 
|  19|0x0000000092500000, 0x0000000092500000, 0x0000000092600000|  0%| F|  |TAMS 0x0000000092500000, 0x0000000092500000| Untracked 
|  20|0x0000000092600000, 0x0000000092600000, 0x0000000092700000|  0%| F|  |TAMS 0x0000000092600000, 0x0000000092600000| Untracked 
|  21|0x0000000092700000, 0x0000000092700000, 0x0000000092800000|  0%| F|  |TAMS 0x0000000092700000, 0x0000000092700000| Untracked 
|  22|0x0000000092800000, 0x0000000092800000, 0x0000000092900000|  0%| F|  |TAMS 0x0000000092800000, 0x0000000092800000| Untracked 
|  23|0x0000000092900000, 0x0000000092900000, 0x0000000092a00000|  0%| F|  |TAMS 0x0000000092900000, 0x0000000092900000| Untracked 
|  24|0x0000000092a00000, 0x0000000092a00000, 0x0000000092b00000|  0%| F|  |TAMS 0x0000000092a00000, 0x0000000092a00000| Untracked 
|  25|0x0000000092b00000, 0x0000000092b00000, 0x0000000092c00000|  0%| F|  |TAMS 0x0000000092b00000, 0x0000000092b00000| Untracked 
|  26|0x0000000092c00000, 0x0000000092c00000, 0x0000000092d00000|  0%| F|  |TAMS 0x0000000092c00000, 0x0000000092c00000| Untracked 
|  27|0x0000000092d00000, 0x0000000092d00000, 0x0000000092e00000|  0%| F|  |TAMS 0x0000000092d00000, 0x0000000092d00000| Untracked 
|  28|0x0000000092e00000, 0x0000000092e00000, 0x0000000092f00000|  0%| F|  |TAMS 0x0000000092e00000, 0x0000000092e00000| Untracked 
|  29|0x0000000092f00000, 0x0000000092f00000, 0x0000000093000000|  0%| F|  |TAMS 0x0000000092f00000, 0x0000000092f00000| Untracked 
|  30|0x0000000093000000, 0x0000000093000000, 0x0000000093100000|  0%| F|  |TAMS 0x0000000093000000, 0x0000000093000000| Untracked 
|  31|0x0000000093100000, 0x0000000093100000, 0x0000000093200000|  0%| F|  |TAMS 0x0000000093100000, 0x0000000093100000| Untracked 
|  32|0x0000000093200000, 0x0000000093200000, 0x0000000093300000|  0%| F|  |TAMS 0x0000000093200000, 0x0000000093200000| Untracked 
|  33|0x0000000093300000, 0x0000000093300000, 0x0000000093400000|  0%| F|  |TAMS 0x0000000093300000, 0x0000000093300000| Untracked 
|  34|0x0000000093400000, 0x0000000093400000, 0x0000000093500000|  0%| F|  |TAMS 0x0000000093400000, 0x0000000093400000| Untracked 
|  35|0x0000000093500000, 0x0000000093500000, 0x0000000093600000|  0%| F|  |TAMS 0x0000000093500000, 0x0000000093500000| Untracked 
|  36|0x0000000093600000, 0x0000000093600000, 0x0000000093700000|  0%| F|  |TAMS 0x0000000093600000, 0x0000000093600000| Untracked 
|  37|0x0000000093700000, 0x0000000093700000, 0x0000000093800000|  0%| F|  |TAMS 0x0000000093700000, 0x0000000093700000| Untracked 
|  38|0x0000000093800000, 0x0000000093800000, 0x0000000093900000|  0%| F|  |TAMS 0x0000000093800000, 0x0000000093800000| Untracked 
|  39|0x0000000093900000, 0x0000000093900000, 0x0000000093a00000|  0%| F|  |TAMS 0x0000000093900000, 0x0000000093900000| Untracked 
|  40|0x0000000093a00000, 0x0000000093a00000, 0x0000000093b00000|  0%| F|  |TAMS 0x0000000093a00000, 0x0000000093a00000| Untracked 
|  41|0x0000000093b00000, 0x0000000093b00000, 0x0000000093c00000|  0%| F|  |TAMS 0x0000000093b00000, 0x0000000093b00000| Untracked 
|  42|0x0000000093c00000, 0x0000000093c00000, 0x0000000093d00000|  0%| F|  |TAMS 0x0000000093c00000, 0x0000000093c00000| Untracked 
|  43|0x0000000093d00000, 0x0000000093d00000, 0x0000000093e00000|  0%| F|  |TAMS 0x0000000093d00000, 0x0000000093d00000| Untracked 
|  44|0x0000000093e00000, 0x0000000093e00000, 0x0000000093f00000|  0%| F|  |TAMS 0x0000000093e00000, 0x0000000093e00000| Untracked 
|  45|0x0000000093f00000, 0x0000000093f00000, 0x0000000094000000|  0%| F|  |TAMS 0x0000000093f00000, 0x0000000093f00000| Untracked 
|  46|0x0000000094000000, 0x0000000094000000, 0x0000000094100000|  0%| F|  |TAMS 0x0000000094000000, 0x0000000094000000| Untracked 
|  47|0x0000000094100000, 0x0000000094100000, 0x0000000094200000|  0%| F|  |TAMS 0x0000000094100000, 0x0000000094100000| Untracked 
|  48|0x0000000094200000, 0x0000000094200000, 0x0000000094300000|  0%| F|  |TAMS 0x0000000094200000, 0x0000000094200000| Untracked 
|  49|0x0000000094300000, 0x0000000094300000, 0x0000000094400000|  0%| F|  |TAMS 0x0000000094300000, 0x0000000094300000| Untracked 
|  50|0x0000000094400000, 0x0000000094400000, 0x0000000094500000|  0%| F|  |TAMS 0x0000000094400000, 0x0000000094400000| Untracked 
|  51|0x0000000094500000, 0x0000000094500000, 0x0000000094600000|  0%| F|  |TAMS 0x0000000094500000, 0x0000000094500000| Untracked 
|  52|0x0000000094600000, 0x0000000094600000, 0x0000000094700000|  0%| F|  |TAMS 0x0000000094600000, 0x0000000094600000| Untracked 
|  53|0x0000000094700000, 0x0000000094700000, 0x0000000094800000|  0%| F|  |TAMS 0x0000000094700000, 0x0000000094700000| Untracked 
|  54|0x0000000094800000, 0x0000000094800000, 0x0000000094900000|  0%| F|  |TAMS 0x0000000094800000, 0x0000000094800000| Untracked 
|  55|0x0000000094900000, 0x0000000094900000, 0x0000000094a00000|  0%| F|  |TAMS 0x0000000094900000, 0x0000000094900000| Untracked 
|  56|0x0000000094a00000, 0x0000000094a00000, 0x0000000094b00000|  0%| F|  |TAMS 0x0000000094a00000, 0x0000000094a00000| Untracked 
|  57|0x0000000094b00000, 0x0000000094b00000, 0x0000000094c00000|  0%| F|  |TAMS 0x0000000094b00000, 0x0000000094b00000| Untracked 
|  58|0x0000000094c00000, 0x0000000094c00000, 0x0000000094d00000|  0%| F|  |TAMS 0x0000000094c00000, 0x0000000094c00000| Untracked 
|  59|0x0000000094d00000, 0x0000000094d00000, 0x0000000094e00000|  0%| F|  |TAMS 0x0000000094d00000, 0x0000000094d00000| Untracked 
|  60|0x0000000094e00000, 0x0000000094e00000, 0x0000000094f00000|  0%| F|  |TAMS 0x0000000094e00000, 0x0000000094e00000| Untracked 
|  61|0x0000000094f00000, 0x0000000094f00000, 0x0000000095000000|  0%| F|  |TAMS 0x0000000094f00000, 0x0000000094f00000| Untracked 
|  62|0x0000000095000000, 0x0000000095000000, 0x0000000095100000|  0%| F|  |TAMS 0x0000000095000000, 0x0000000095000000| Untracked 
|  63|0x0000000095100000, 0x0000000095100000, 0x0000000095200000|  0%| F|  |TAMS 0x0000000095100000, 0x0000000095100000| Untracked 
|  64|0x0000000095200000, 0x0000000095200000, 0x0000000095300000|  0%| F|  |TAMS 0x0000000095200000, 0x0000000095200000| Untracked 
|  65|0x0000000095300000, 0x0000000095300000, 0x0000000095400000|  0%| F|  |TAMS 0x0000000095300000, 0x0000000095300000| Untracked 
|  66|0x0000000095400000, 0x0000000095400000, 0x0000000095500000|  0%| F|  |TAMS 0x0000000095400000, 0x0000000095400000| Untracked 
|  67|0x0000000095500000, 0x0000000095500000, 0x0000000095600000|  0%| F|  |TAMS 0x0000000095500000, 0x0000000095500000| Untracked 
|  68|0x0000000095600000, 0x0000000095600000, 0x0000000095700000|  0%| F|  |TAMS 0x0000000095600000, 0x0000000095600000| Untracked 
|  69|0x0000000095700000, 0x0000000095700000, 0x0000000095800000|  0%| F|  |TAMS 0x0000000095700000, 0x0000000095700000| Untracked 
|  70|0x0000000095800000, 0x0000000095800000, 0x0000000095900000|  0%| F|  |TAMS 0x0000000095800000, 0x0000000095800000| Untracked 
|  71|0x0000000095900000, 0x0000000095900000, 0x0000000095a00000|  0%| F|  |TAMS 0x0000000095900000, 0x0000000095900000| Untracked 
|  72|0x0000000095a00000, 0x0000000095a00000, 0x0000000095b00000|  0%| F|  |TAMS 0x0000000095a00000, 0x0000000095a00000| Untracked 
|  73|0x0000000095b00000, 0x0000000095b00000, 0x0000000095c00000|  0%| F|  |TAMS 0x0000000095b00000, 0x0000000095b00000| Untracked 
|  74|0x0000000095c00000, 0x0000000095c00000, 0x0000000095d00000|  0%| F|  |TAMS 0x0000000095c00000, 0x0000000095c00000| Untracked 
|  75|0x0000000095d00000, 0x0000000095d00000, 0x0000000095e00000|  0%| F|  |TAMS 0x0000000095d00000, 0x0000000095d00000| Untracked 
|  76|0x0000000095e00000, 0x0000000095e00000, 0x0000000095f00000|  0%| F|  |TAMS 0x0000000095e00000, 0x0000000095e00000| Untracked 
|  77|0x0000000095f00000, 0x0000000095f00000, 0x0000000096000000|  0%| F|  |TAMS 0x0000000095f00000, 0x0000000095f00000| Untracked 
|  78|0x0000000096000000, 0x0000000096000000, 0x0000000096100000|  0%| F|  |TAMS 0x0000000096000000, 0x0000000096000000| Untracked 
|  79|0x0000000096100000, 0x0000000096100000, 0x0000000096200000|  0%| F|  |TAMS 0x0000000096100000, 0x0000000096100000| Untracked 
|  80|0x0000000096200000, 0x0000000096200000, 0x0000000096300000|  0%| F|  |TAMS 0x0000000096200000, 0x0000000096200000| Untracked 
|  81|0x0000000096300000, 0x0000000096300000, 0x0000000096400000|  0%| F|  |TAMS 0x0000000096300000, 0x0000000096300000| Untracked 
|  82|0x0000000096400000, 0x0000000096400000, 0x0000000096500000|  0%| F|  |TAMS 0x0000000096400000, 0x0000000096400000| Untracked 
|  83|0x0000000096500000, 0x0000000096500000, 0x0000000096600000|  0%| F|  |TAMS 0x0000000096500000, 0x0000000096500000| Untracked 
|  84|0x0000000096600000, 0x0000000096600000, 0x0000000096700000|  0%| F|  |TAMS 0x0000000096600000, 0x0000000096600000| Untracked 
|  85|0x0000000096700000, 0x0000000096700000, 0x0000000096800000|  0%| F|  |TAMS 0x0000000096700000, 0x0000000096700000| Untracked 
|  86|0x0000000096800000, 0x0000000096800000, 0x0000000096900000|  0%| F|  |TAMS 0x0000000096800000, 0x0000000096800000| Untracked 
|  87|0x0000000096900000, 0x0000000096900000, 0x0000000096a00000|  0%| F|  |TAMS 0x0000000096900000, 0x0000000096900000| Untracked 
|  88|0x0000000096a00000, 0x0000000096a00000, 0x0000000096b00000|  0%| F|  |TAMS 0x0000000096a00000, 0x0000000096a00000| Untracked 
|  89|0x0000000096b00000, 0x0000000096b00000, 0x0000000096c00000|  0%| F|  |TAMS 0x0000000096b00000, 0x0000000096b00000| Untracked 
|  90|0x0000000096c00000, 0x0000000096c00000, 0x0000000096d00000|  0%| F|  |TAMS 0x0000000096c00000, 0x0000000096c00000| Untracked 
|  91|0x0000000096d00000, 0x0000000096d00000, 0x0000000096e00000|  0%| F|  |TAMS 0x0000000096d00000, 0x0000000096d00000| Untracked 
|  92|0x0000000096e00000, 0x0000000096e00000, 0x0000000096f00000|  0%| F|  |TAMS 0x0000000096e00000, 0x0000000096e00000| Untracked 
|  93|0x0000000096f00000, 0x0000000096f00000, 0x0000000097000000|  0%| F|  |TAMS 0x0000000096f00000, 0x0000000096f00000| Untracked 
|  94|0x0000000097000000, 0x0000000097000000, 0x0000000097100000|  0%| F|  |TAMS 0x0000000097000000, 0x0000000097000000| Untracked 
|  95|0x0000000097100000, 0x0000000097100000, 0x0000000097200000|  0%| F|  |TAMS 0x0000000097100000, 0x0000000097100000| Untracked 
|  96|0x0000000097200000, 0x0000000097200000, 0x0000000097300000|  0%| F|  |TAMS 0x0000000097200000, 0x0000000097200000| Untracked 
|  97|0x0000000097300000, 0x0000000097400000, 0x0000000097400000|100%| S|CS|TAMS 0x0000000097300000, 0x0000000097300000| Complete 
|  98|0x0000000097400000, 0x0000000097500000, 0x0000000097500000|100%| S|CS|TAMS 0x0000000097400000, 0x0000000097400000| Complete 
|  99|0x0000000097500000, 0x0000000097500000, 0x0000000097600000|  0%| F|  |TAMS 0x0000000097500000, 0x0000000097500000| Untracked 
| 100|0x0000000097600000, 0x0000000097600000, 0x0000000097700000|  0%| F|  |TAMS 0x0000000097600000, 0x0000000097600000| Untracked 
| 101|0x0000000097700000, 0x0000000097700000, 0x0000000097800000|  0%| F|  |TAMS 0x0000000097700000, 0x0000000097700000| Untracked 
| 102|0x0000000097800000, 0x0000000097800000, 0x0000000097900000|  0%| F|  |TAMS 0x0000000097800000, 0x0000000097800000| Untracked 
| 103|0x0000000097900000, 0x0000000097936ba8, 0x0000000097a00000| 21%| E|  |TAMS 0x0000000097900000, 0x0000000097900000| Complete 
| 104|0x0000000097a00000, 0x0000000097b00000, 0x0000000097b00000|100%| E|CS|TAMS 0x0000000097a00000, 0x0000000097a00000| Complete 
| 105|0x0000000097b00000, 0x0000000097c00000, 0x0000000097c00000|100%| E|CS|TAMS 0x0000000097b00000, 0x0000000097b00000| Complete 
| 106|0x0000000097c00000, 0x0000000097d00000, 0x0000000097d00000|100%| E|CS|TAMS 0x0000000097c00000, 0x0000000097c00000| Complete 
| 107|0x0000000097d00000, 0x0000000097e00000, 0x0000000097e00000|100%| E|CS|TAMS 0x0000000097d00000, 0x0000000097d00000| Complete 
| 108|0x0000000097e00000, 0x0000000097f00000, 0x0000000097f00000|100%| E|CS|TAMS 0x0000000097e00000, 0x0000000097e00000| Complete 
| 109|0x0000000097f00000, 0x0000000098000000, 0x0000000098000000|100%| E|CS|TAMS 0x0000000097f00000, 0x0000000097f00000| Complete 
| 110|0x0000000098000000, 0x0000000098100000, 0x0000000098100000|100%| E|CS|TAMS 0x0000000098000000, 0x0000000098000000| Complete 
| 111|0x0000000098100000, 0x0000000098200000, 0x0000000098200000|100%| E|CS|TAMS 0x0000000098100000, 0x0000000098100000| Complete 

Card table byte_map: [0x000001fe7a520000,0x000001fe7a8a0000] _byte_map_base: 0x000001fe7a097000

Marking Bits (Prev, Next): (CMBitMap*) 0x000001fe632a7a10, (CMBitMap*) 0x000001fe632a7a50
 Prev Bits: [0x000001fe7ac20000, 0x000001fe7c7d8000)
 Next Bits: [0x000001fe7c7e0000, 0x000001fe7e398000)

Polling page: 0x000001fe61050000

Metaspace:

Usage:
  Non-class:      5.47 MB used.
      Class:    633.34 KB used.
       Both:      6.09 MB used.

Virtual space:
  Non-class space:       64.00 MB reserved,       5.63 MB (  9%) committed,  1 nodes.
      Class space:        1.00 GB reserved,     704.00 KB ( <1%) committed,  1 nodes.
             Both:        1.06 GB reserved,       6.31 MB ( <1%) committed. 

Chunk freelists:
   Non-Class:  2.11 MB
       Class:  3.13 MB
        Both:  5.23 MB

MaxMetaspaceSize: unlimited
CompressedClassSpaceSize: 1.00 GB
Initial GC threshold: 21.00 MB
Current GC threshold: 21.00 MB
CDS: on
MetaspaceReclaimPolicy: balanced
 - commit_granule_bytes: 65536.
 - commit_granule_words: 8192.
 - virtual_space_node_default_size: 8388608.
 - enlarge_chunks_in_place: 1.
 - new_chunks_are_fully_committed: 0.
 - uncommit_free_chunks: 1.
 - use_allocation_guard: 0.


Internal statistics:

num_allocs_failed_limit: 0.
num_arena_births: 198.
num_arena_deaths: 0.
num_vsnodes_births: 2.
num_vsnodes_deaths: 0.
num_space_committed: 101.
num_space_uncommitted: 0.
num_chunks_returned_to_freelist: 0.
num_chunks_taken_from_freelist: 297.
num_chunk_merges: 0.
num_chunk_splits: 185.
num_chunks_enlarged: 122.
num_inconsistent_stats: 0.

CodeHeap 'non-profiled nmethods': size=120000Kb used=483Kb max_used=483Kb free=119516Kb
 bounds [0x000001fe72c70000, 0x000001fe72ee0000, 0x000001fe7a1a0000]
CodeHeap 'profiled nmethods': size=120000Kb used=2366Kb max_used=2366Kb free=117633Kb
 bounds [0x000001fe6b1a0000, 0x000001fe6b410000, 0x000001fe726d0000]
CodeHeap 'non-nmethods': size=5760Kb used=1259Kb max_used=1272Kb free=4500Kb
 bounds [0x000001fe726d0000, 0x000001fe72940000, 0x000001fe72c70000]
 total_blobs=1820 nmethods=1345 adapters=387
 compilation: enabled
              stopped_count=0, restarted_count=0
 full_count=0

Compilation events (20 events):
Event: 7.888 Thread 0x000001fe7e8736c0 nmethod 1268 0x000001fe6b3beb10 code [0x000001fe6b3bed00, 0x000001fe6b3bf388]
Event: 7.889 Thread 0x000001fe7e8736c0 1273       3       jdk.internal.org.objectweb.asm.MethodWriter::visitCode (1 bytes)
Event: 7.889 Thread 0x000001fe7e8736c0 nmethod 1273 0x000001fe6b3bf590 code [0x000001fe6b3bf720, 0x000001fe6b3bf838]
Event: 7.892 Thread 0x000001fe7e8736c0 1274       3       jdk.internal.org.objectweb.asm.MethodWriter::visitFrameStart (55 bytes)
Event: 7.892 Thread 0x000001fe7e8736c0 nmethod 1274 0x000001fe6b3bf910 code [0x000001fe6b3bfac0, 0x000001fe6b3bfdd8]
Event: 7.892 Thread 0x000001fe7e8736c0 1275       3       jdk.internal.org.objectweb.asm.MethodWriter::visitFrameEnd (53 bytes)
Event: 7.893 Thread 0x000001fe7e8736c0 nmethod 1275 0x000001fe6b3bff10 code [0x000001fe6b3c00e0, 0x000001fe6b3c05c8]
Event: 7.894 Thread 0x000001fe7e8736c0 1276       3       jdk.internal.org.objectweb.asm.Edge::<init> (20 bytes)
Event: 7.894 Thread 0x000001fe7e8736c0 nmethod 1276 0x000001fe6b3c0710 code [0x000001fe6b3c08c0, 0x000001fe6b3c0ad8]
Event: 7.894 Thread 0x000001fe7e8736c0 1277       3       jdk.internal.org.objectweb.asm.Frame::merge (395 bytes)
Event: 7.897 Thread 0x000001fe7e8736c0 nmethod 1277 0x000001fe6b3c0b90 code [0x000001fe6b3c0e40, 0x000001fe6b3c1cb8]
Event: 7.898 Thread 0x000001fe7e8736c0 1278       3       java.lang.reflect.ProxyGenerator::dotToSlash (9 bytes)
Event: 7.898 Thread 0x000001fe7e8736c0 nmethod 1278 0x000001fe6b3c2310 code [0x000001fe6b3c24c0, 0x000001fe6b3c25e8]
Event: 7.898 Thread 0x000001fe7e8736c0 1279       3       java.util.LinkedHashMap$LinkedValueIterator::next (8 bytes)
Event: 7.898 Thread 0x000001fe7e8736c0 nmethod 1279 0x000001fe6b3c2690 code [0x000001fe6b3c2840, 0x000001fe6b3c2988]
Event: 7.900 Thread 0x000001fe7e8736c0 1280       3       java.lang.reflect.Executable::<init> (5 bytes)
Event: 7.900 Thread 0x000001fe7e8736c0 nmethod 1280 0x000001fe6b3c2a90 code [0x000001fe6b3c2c40, 0x000001fe6b3c2df8]
Event: 7.902 Thread 0x000001fe7e8736c0 1281       3       java.io.FilterInputStream::<init> (10 bytes)
Event: 7.903 Thread 0x000001fe7e8736c0 nmethod 1281 0x000001fe6b3c2f10 code [0x000001fe6b3c30c0, 0x000001fe6b3c32f8]
Event: 7.903 Thread 0x000001fe7e8736c0 1282       3       jdk.internal.ref.CleanerImpl$PhantomCleanableRef::performCleanup (10 bytes)

GC Heap History (2 events):
Event: 6.421 GC heap before
{Heap before GC invocations=0 (full 0):
 garbage-first heap   total 114688K, used 13312K [0x0000000091200000, 0x0000000100000000)
  region size 1024K, 13 young (13312K), 0 survivors (0K)
 Metaspace       used 3081K, committed 3264K, reserved 1114112K
  class space    used 301K, committed 384K, reserved 1048576K
}
Event: 6.474 GC heap after
{Heap after GC invocations=1 (full 0):
 garbage-first heap   total 114688K, used 4192K [0x0000000091200000, 0x0000000100000000)
  region size 1024K, 2 young (2048K), 2 survivors (2048K)
 Metaspace       used 3081K, committed 3264K, reserved 1114112K
  class space    used 301K, committed 384K, reserved 1048576K
}

Dll operation events (11 events):
Event: 0.055 Loaded shared library D:\Java\jdk-19\bin\java.dll
Event: 0.060 Loaded shared library D:\Java\jdk-19\bin\zip.dll
Event: 0.187 Loaded shared library D:\Java\jdk-19\bin\jsvml.dll
Event: 2.035 Loaded shared library D:\Java\jdk-19\bin\instrument.dll
Event: 2.213 Loaded shared library D:\Java\jdk-19\bin\zip.dll
Event: 2.235 Loaded shared library D:\Java\jdk-19\bin\jimage.dll
Event: 2.801 Loaded shared library D:\Java\jdk-19\bin\net.dll
Event: 2.886 Loaded shared library D:\Java\jdk-19\bin\nio.dll
Event: 3.303 Loaded shared library D:\JetBrains\IntelliJ IDEA Community Edition 2021.1.1\bin\breakgen64.dll
Event: 3.448 Loaded shared library D:\Java\jdk-19\bin\extnet.dll
Event: 5.023 Loaded shared library D:\Java\jdk-19\bin\verify.dll

Deoptimization events (20 events):
Event: 6.639 Thread 0x000001fe6324d2e0 DEOPT PACKING pc=0x000001fe72c9c184 sp=0x0000007b514fdfb0
Event: 6.639 Thread 0x000001fe6324d2e0 DEOPT UNPACKING pc=0x000001fe72736da3 sp=0x0000007b514fdf38 mode 2
Event: 6.795 Thread 0x000001fe6324d2e0 Uncommon trap: trap_request=0xffffff45 fr.pc=0x000001fe72ca6870 relative=0x0000000000000250
Event: 6.795 Thread 0x000001fe6324d2e0 Uncommon trap: reason=unstable_if action=reinterpret pc=0x000001fe72ca6870 method=java.lang.String.startsWith(Ljava/lang/String;I)Z @ 1 c2
Event: 6.795 Thread 0x000001fe6324d2e0 DEOPT PACKING pc=0x000001fe72ca6870 sp=0x0000007b514fcc30
Event: 6.795 Thread 0x000001fe6324d2e0 DEOPT UNPACKING pc=0x000001fe72736da3 sp=0x0000007b514fcb98 mode 2
Event: 6.837 Thread 0x000001fe6324d2e0 Uncommon trap: trap_request=0xffffff45 fr.pc=0x000001fe72cd17c4 relative=0x0000000000000a84
Event: 6.837 Thread 0x000001fe6324d2e0 Uncommon trap: reason=unstable_if action=reinterpret pc=0x000001fe72cd17c4 method=java.util.HashMap.putVal(ILjava/lang/Object;Ljava/lang/Object;ZZ)Ljava/lang/Object; @ 181 c2
Event: 6.837 Thread 0x000001fe6324d2e0 DEOPT PACKING pc=0x000001fe72cd17c4 sp=0x0000007b514fd790
Event: 6.837 Thread 0x000001fe6324d2e0 DEOPT UNPACKING pc=0x000001fe72736da3 sp=0x0000007b514fd6d8 mode 2
Event: 7.449 Thread 0x000001fe6324d2e0 DEOPT PACKING pc=0x000001fe6b246e3e sp=0x0000007b514fabe0
Event: 7.449 Thread 0x000001fe6324d2e0 DEOPT UNPACKING pc=0x000001fe72737543 sp=0x0000007b514fa058 mode 0
Event: 7.867 Thread 0x000001fe6324d2e0 Uncommon trap: trap_request=0xffffffde fr.pc=0x000001fe72cbb1d4 relative=0x0000000000000294
Event: 7.867 Thread 0x000001fe6324d2e0 Uncommon trap: reason=class_check action=maybe_recompile pc=0x000001fe72cbb1d4 method=java.util.HashMap.getNode(Ljava/lang/Object;)Ljava/util/HashMap$Node; @ 128 c2
Event: 7.867 Thread 0x000001fe6324d2e0 DEOPT PACKING pc=0x000001fe72cbb1d4 sp=0x0000007b514fe660
Event: 7.867 Thread 0x000001fe6324d2e0 DEOPT UNPACKING pc=0x000001fe72736da3 sp=0x0000007b514fe5c8 mode 2
Event: 7.867 Thread 0x000001fe6324d2e0 Uncommon trap: trap_request=0xffffff45 fr.pc=0x000001fe72cbb0d0 relative=0x0000000000000190
Event: 7.867 Thread 0x000001fe6324d2e0 Uncommon trap: reason=unstable_if action=reinterpret pc=0x000001fe72cbb0d0 method=java.util.HashMap.getNode(Ljava/lang/Object;)Ljava/util/HashMap$Node; @ 66 c2
Event: 7.867 Thread 0x000001fe6324d2e0 DEOPT PACKING pc=0x000001fe72cbb0d0 sp=0x0000007b514fe660
Event: 7.867 Thread 0x000001fe6324d2e0 DEOPT UNPACKING pc=0x000001fe72736da3 sp=0x0000007b514fe5d0 mode 2

Classes loaded (20 events):
Event: 7.865 Loading class java/util/stream/Nodes$SpinedNodeBuilder
Event: 7.866 Loading class java/util/stream/SpinedBuffer
Event: 7.866 Loading class java/util/stream/AbstractSpinedBuffer
Event: 7.866 Loading class java/util/stream/AbstractSpinedBuffer done
Event: 7.866 Loading class java/util/stream/SpinedBuffer done
Event: 7.867 Loading class java/util/stream/Nodes$SpinedNodeBuilder done
Event: 7.868 Loading class org/testng/internal/annotations/AnnotationHelper
Event: 7.868 Loading class org/testng/internal/annotations/AnnotationHelper done
Event: 7.871 Loading class java/lang/TypeNotPresentException
Event: 7.872 Loading class java/lang/TypeNotPresentException done
Event: 7.872 Loading class org/testng/annotations/IConfigurationAnnotation
Event: 7.872 Loading class org/testng/annotations/IConfigurationAnnotation done
Event: 7.875 Loading class org/testng/annotations/CustomAttribute
Event: 7.875 Loading class org/testng/annotations/CustomAttribute done
Event: 7.880 Loading class org/testng/internal/annotations/DisabledRetryAnalyzer
Event: 7.880 Loading class org/testng/internal/annotations/DisabledRetryAnalyzer done
Event: 7.881 Loading class org/testng/IRetryAnalyzer
Event: 7.881 Loading class org/testng/IRetryAnalyzer done
Event: 7.901 Loading class org/testng/internal/collections/Pair
Event: 7.901 Loading class org/testng/internal/collections/Pair done

Classes unloaded (0 events):
No events

Classes redefined (0 events):
No events

Internal exceptions (18 events):
Event: 2.038 Thread 0x000001fe6324d2e0 Exception <a 'java/lang/NoSuchMethodError'{0x0000000097f4bde0}: 'void java.lang.invoke.DirectMethodHandle$Holder.invokeStatic(java.lang.Object, java.lang.Object, java.lang.Object)'> (0x0000000097f4bde0) 
thrown [s\open\src\hotspot\share\interpreter\linkResolver.cpp, line 774]
Event: 2.082 Thread 0x000001fe6324d2e0 Exception <a 'java/lang/NoSuchMethodError'{0x0000000097f643d8}: 'java.lang.Object java.lang.invoke.Invokers$Holder.invokeExact_MT(java.lang.Object, java.lang.Object, java.lang.Object, java.lang.Object, java.lang.Object)'> (0x0000000097f643d8) 
thrown [s\open\src\hotspot\share\interpreter\linkResolver.cpp, line 774]
Event: 3.452 Thread 0x000001fe7ec00340 Exception <a 'java/lang/NoSuchMethodError'{0x0000000097c18d40}: 'void java.lang.invoke.DirectMethodHandle$Holder.invokeStatic(java.lang.Object, java.lang.Object)'> (0x0000000097c18d40) 
thrown [s\open\src\hotspot\share\interpreter\linkResolver.cpp, line 774]
Event: 3.453 Thread 0x000001fe6324d2e0 Exception <a 'java/lang/NoSuchMethodError'{0x0000000097ded6b8}: 'void java.lang.invoke.DirectMethodHandle$Holder.invokeStatic(java.lang.Object, java.lang.Object)'> (0x0000000097ded6b8) 
thrown [s\open\src\hotspot\share\interpreter\linkResolver.cpp, line 774]
Event: 5.075 Thread 0x000001fe6324d2e0 Exception <a 'java/lang/NoClassDefFoundError'{0x0000000097933948}: org/slf4j/impl/StaticLoggerBinder> (0x0000000097933948) 
thrown [s\open\src\hotspot\share\classfile\systemDictionary.cpp, line 244]
Event: 5.323 Thread 0x000001fe6324d2e0 Exception <a 'java/lang/NoSuchMethodError'{0x0000000097840f68}: 'int java.lang.invoke.DirectMethodHandle$Holder.invokeStaticInit(java.lang.Object, java.lang.Object)'> (0x0000000097840f68) 
thrown [s\open\src\hotspot\share\interpreter\linkResolver.cpp, line 774]
Event: 6.130 Thread 0x000001fe6324d2e0 Exception <a 'java/lang/NoSuchMethodError'{0x00000000976ce420}: 'void java.lang.invoke.Invokers$Holder.invokeExact_MT(java.lang.Object, java.lang.Object, java.lang.Object, java.lang.Object)'> (0x00000000976ce420) 
thrown [s\open\src\hotspot\share\interpreter\linkResolver.cpp, line 774]
Event: 6.185 Thread 0x000001fe6324d2e0 Exception <a 'java/lang/NoSuchMethodError'{0x00000000976dbd48}: 'void java.lang.invoke.DirectMethodHandle$Holder.invokeSpecial(java.lang.Object, java.lang.Object, java.lang.Object)'> (0x00000000976dbd48) 
thrown [s\open\src\hotspot\share\interpreter\linkResolver.cpp, line 774]
Event: 6.537 Thread 0x000001fe6324d2e0 Exception <a 'java/lang/ClassNotFoundException'{0x00000000981a71f0}: com/sun/org/apache/xerces/internal/impl/msg/spi/SAXMessagesProvider> (0x00000000981a71f0) 
thrown [s\open\src\hotspot\share\classfile\systemDictionary.cpp, line 255]
Event: 6.859 Thread 0x000001fe6324d2e0 Exception <a 'java/lang/NoSuchMethodError'{0x0000000097f33588}: 'java.lang.Object java.lang.invoke.DirectMethodHandle$Holder.invokeStaticInit(java.lang.Object, int, int, int, int)'> (0x0000000097f33588) 
thrown [s\open\src\hotspot\share\interpreter\linkResolver.cpp, line 774]
Event: 7.227 Thread 0x000001fe6324d2e0 Exception <a 'java/lang/NoSuchMethodError'{0x0000000097e22108}: 'java.lang.Object java.lang.invoke.DirectMethodHandle$Holder.invokeStaticInit(java.lang.Object, java.lang.Object, int, int, int, int)'> (0x0000000097e22108) 
thrown [s\open\src\hotspot\share\interpreter\linkResolver.cpp, line 774]
Event: 7.398 Thread 0x000001fe6324d2e0 Exception <a 'java/lang/NoSuchMethodError'{0x0000000097d10e98}: 'void java.lang.invoke.DirectMethodHandle$Holder.invokeVirtual(java.lang.Object, java.lang.Object)'> (0x0000000097d10e98) 
thrown [s\open\src\hotspot\share\interpreter\linkResolver.cpp, line 774]
Event: 7.536 Thread 0x000001fe6324d2e0 Exception <a 'java/lang/NoSuchMethodError'{0x0000000097d883c8}: 'int java.lang.invoke.DirectMethodHandle$Holder.invokeInterface(java.lang.Object, java.lang.Object)'> (0x0000000097d883c8) 
thrown [s\open\src\hotspot\share\interpreter\linkResolver.cpp, line 774]
Event: 7.545 Thread 0x000001fe6324d2e0 Exception <a 'java/lang/NoSuchMethodError'{0x0000000097d92498}: 'java.lang.Object java.lang.invoke.Invokers$Holder.invokeExact_MT(java.lang.Object, java.lang.Object, java.lang.Object, java.lang.Object, java.lang.Object, java.lang.Object)'> (0x0000000097d92498) 
thrown [s\open\src\hotspot\share\interpreter\linkResolver.cpp, line 774]
Event: 7.561 Thread 0x000001fe6324d2e0 Exception <a 'java/lang/NoSuchMethodError'{0x0000000097da82c0}: 'java.lang.Object java.lang.invoke.DirectMethodHandle$Holder.invokeInterface(java.lang.Object, java.lang.Object)'> (0x0000000097da82c0) 
thrown [s\open\src\hotspot\share\interpreter\linkResolver.cpp, line 774]
Event: 7.605 Thread 0x000001fe6324d2e0 Exception <a 'java/lang/NoSuchMethodError'{0x0000000097dd56a8}: 'int java.lang.invoke.DirectMethodHandle$Holder.invokeVirtual(java.lang.Object, java.lang.Object)'> (0x0000000097dd56a8) 
thrown [s\open\src\hotspot\share\interpreter\linkResolver.cpp, line 774]
Event: 7.681 Thread 0x000001fe6324d2e0 Exception <a 'java/lang/NoSuchMethodError'{0x0000000097c6c5b8}: 'java.lang.Object java.lang.invoke.DirectMethodHandle$Holder.invokeSpecial(java.lang.Object, java.lang.Object, java.lang.Object, int, java.lang.Object)'> (0x0000000097c6c5b8) 
thrown [s\open\src\hotspot\share\interpreter\linkResolver.cpp, line 774]
Event: 7.725 Thread 0x000001fe6324d2e0 Exception <a 'java/lang/NoSuchMethodError'{0x0000000097cc23f0}: 'int java.lang.invoke.DirectMethodHandle$Holder.invokeStaticInit(java.lang.Object, java.lang.Object, java.lang.Object)'> (0x0000000097cc23f0) 
thrown [s\open\src\hotspot\share\interpreter\linkResolver.cpp, line 774]

VM Operations (20 events):
Event: 2.889 Executing VM operation: Cleanup
Event: 2.889 Executing VM operation: Cleanup done
Event: 2.963 Executing VM operation: HandshakeAllThreads
Event: 2.963 Executing VM operation: HandshakeAllThreads done
Event: 3.328 Executing VM operation: HandshakeAllThreads
Event: 3.428 Executing VM operation: HandshakeAllThreads done
Event: 4.428 Executing VM operation: Cleanup
Event: 4.428 Executing VM operation: Cleanup done
Event: 6.421 Executing VM operation: G1CollectForAllocation
Event: 6.474 Executing VM operation: G1CollectForAllocation done
Event: 6.478 Executing VM operation: HandshakeAllThreads
Event: 6.478 Executing VM operation: HandshakeAllThreads done
Event: 6.609 Executing VM operation: HandshakeAllThreads
Event: 6.609 Executing VM operation: HandshakeAllThreads done
Event: 6.639 Executing VM operation: HandshakeAllThreads
Event: 6.639 Executing VM operation: HandshakeAllThreads done
Event: 6.789 Executing VM operation: HandshakeAllThreads
Event: 6.789 Executing VM operation: HandshakeAllThreads done
Event: 7.250 Executing VM operation: HandshakeAllThreads
Event: 7.250 Executing VM operation: HandshakeAllThreads done

Events (17 events):
Event: 0.187 Thread 0x000001fe6324d2e0 Thread added: 0x000001fe6324d2e0
Event: 0.529 Thread 0x000001fe7e868230 Thread added: 0x000001fe7e868230
Event: 0.529 Thread 0x000001fe7e868f20 Thread added: 0x000001fe7e868f20
Event: 0.531 Thread 0x000001fe7e86bb20 Thread added: 0x000001fe7e86bb20
Event: 0.531 Thread 0x000001fe7e86d460 Thread added: 0x000001fe7e86d460
Event: 0.531 Thread 0x000001fe7e86dd90 Thread added: 0x000001fe7e86dd90
Event: 0.532 Thread 0x000001fe7e86e6c0 Thread added: 0x000001fe7e86e6c0
Event: 0.532 Thread 0x000001fe7e86f320 Thread added: 0x000001fe7e86f320
Event: 0.572 Thread 0x000001fe7e8736c0 Thread added: 0x000001fe7e8736c0
Event: 0.699 Thread 0x000001fe7e9e8930 Thread added: 0x000001fe7e9e8930
Event: 1.732 Thread 0x000001fe7e837520 Thread added: 0x000001fe7e837520
Event: 3.140 Thread 0x000001fe7eb29940 Thread added: 0x000001fe7eb29940
Event: 3.305 Thread 0x000001fe7ec00340 Thread added: 0x000001fe7ec00340
Event: 3.305 Thread 0x000001fe7ec00880 Thread added: 0x000001fe7ec00880
Event: 3.312 Thread 0x000001fe7eb29940 Thread exited: 0x000001fe7eb29940
Event: 5.822 Thread 0x000001fe7f1d3c80 Thread added: 0x000001fe7f1d3c80
Event: 6.290 Thread 0x000001fe7f1d3c80 Thread exited: 0x000001fe7f1d3c80


Dynamic libraries:
0x00007ff76c9c0000 - 0x00007ff76c9d0000 	D:\Java\jdk-19\bin\java.exe
0x00007ff9bbfe0000 - 0x00007ff9bc1d0000 	C:\Windows\SYSTEM32\ntdll.dll
0x00007ff9bb2a0000 - 0x00007ff9bb352000 	C:\Windows\System32\KERNEL32.DLL
0x00007ff9b9910000 - 0x00007ff9b9bb5000 	C:\Windows\System32\KERNELBASE.dll
0x00007ff9b9be0000 - 0x00007ff9b9cda000 	C:\Windows\System32\ucrtbase.dll
0x00007ff9af330000 - 0x00007ff9af348000 	D:\Java\jdk-19\bin\jli.dll
0x00007ff9bab10000 - 0x00007ff9babb3000 	C:\Windows\System32\ADVAPI32.dll
0x00007ff9babc0000 - 0x00007ff9bac5e000 	C:\Windows\System32\msvcrt.dll
0x00007ff9ba230000 - 0x00007ff9ba2c7000 	C:\Windows\System32\sechost.dll
0x00007ff9ba090000 - 0x00007ff9ba1af000 	C:\Windows\System32\RPCRT4.dll
0x00007ff9bb960000 - 0x00007ff9bbaf4000 	C:\Windows\System32\USER32.dll
0x00007ff9b9d30000 - 0x00007ff9b9d51000 	C:\Windows\System32\win32u.dll
0x00007ff9bb410000 - 0x00007ff9bb436000 	C:\Windows\System32\GDI32.dll
0x00007ff9b9ef0000 - 0x00007ff9ba088000 	C:\Windows\System32\gdi32full.dll
0x00007ff9b9d60000 - 0x00007ff9b9dfe000 	C:\Windows\System32\msvcp_win.dll
0x00007ff9a7490000 - 0x00007ff9a74ab000 	D:\Java\jdk-19\bin\VCRUNTIME140.dll
0x00007ff9a9800000 - 0x00007ff9a9a84000 	C:\Windows\WinSxS\amd64_microsoft.windows.common-controls_6595b64144ccf1df_6.0.18362.1556_none_9e7e372fe45e41d5\COMCTL32.dll
0x00007ff9bb470000 - 0x00007ff9bb7a6000 	C:\Windows\System32\combase.dll
0x00007ff9b9e00000 - 0x00007ff9b9e81000 	C:\Windows\System32\bcryptPrimitives.dll
0x00007ff9b0980000 - 0x00007ff9b098a000 	C:\Windows\SYSTEM32\VERSION.dll
0x00007ff9bb440000 - 0x00007ff9bb46e000 	C:\Windows\System32\IMM32.DLL
0x00007ff9a8390000 - 0x00007ff9a839c000 	D:\Java\jdk-19\bin\vcruntime140_1.dll
0x00007ff98ee90000 - 0x00007ff98ef1e000 	D:\Java\jdk-19\bin\msvcp140.dll
0x00007ff983150000 - 0x00007ff983e10000 	D:\Java\jdk-19\bin\server\jvm.dll
0x00007ff9a2e10000 - 0x00007ff9a2e19000 	C:\Windows\SYSTEM32\WSOCK32.dll
0x00007ff9bb8f0000 - 0x00007ff9bb95f000 	C:\Windows\System32\WS2_32.dll
0x00007ff9b5b20000 - 0x00007ff9b5b44000 	C:\Windows\SYSTEM32\WINMM.dll
0x00007ff9b5af0000 - 0x00007ff9b5b1d000 	C:\Windows\SYSTEM32\WINMMBASE.dll
0x00007ff9b9ce0000 - 0x00007ff9b9d2a000 	C:\Windows\System32\cfgmgr32.dll
0x00007ff9b8ea0000 - 0x00007ff9b8eb1000 	C:\Windows\System32\kernel.appcore.dll
0x00007ff9a7480000 - 0x00007ff9a748a000 	D:\Java\jdk-19\bin\jimage.dll
0x00007ff9afe70000 - 0x00007ff9b0064000 	C:\Windows\SYSTEM32\DBGHELP.DLL
0x00007ff9a4340000 - 0x00007ff9a436a000 	C:\Windows\SYSTEM32\dbgcore.DLL
0x00007ff9a6220000 - 0x00007ff9a622e000 	D:\Java\jdk-19\bin\instrument.dll
0x00007ff9a62c0000 - 0x00007ff9a62e6000 	D:\Java\jdk-19\bin\java.dll
0x00007ff99da40000 - 0x00007ff99da58000 	D:\Java\jdk-19\bin\zip.dll
0x00007ff98a220000 - 0x00007ff98a2f7000 	D:\Java\jdk-19\bin\jsvml.dll
0x00007ff9ba330000 - 0x00007ff9baa17000 	C:\Windows\System32\SHELL32.dll
0x00007ff9bb7b0000 - 0x00007ff9bb858000 	C:\Windows\System32\shcore.dll
0x00007ff9b9030000 - 0x00007ff9b97ab000 	C:\Windows\System32\windows.storage.dll
0x00007ff9b8ec0000 - 0x00007ff9b8ede000 	C:\Windows\System32\profapi.dll
0x00007ff9b8ee0000 - 0x00007ff9b8f2a000 	C:\Windows\System32\powrprof.dll
0x00007ff9b8e90000 - 0x00007ff9b8ea0000 	C:\Windows\System32\UMPDC.dll
0x00007ff9ba2d0000 - 0x00007ff9ba322000 	C:\Windows\System32\shlwapi.dll
0x00007ff9b9bc0000 - 0x00007ff9b9bd7000 	C:\Windows\System32\cryptsp.dll
0x00007ff9a62a0000 - 0x00007ff9a62b3000 	D:\Java\jdk-19\bin\net.dll
0x00007ff9aaeb0000 - 0x00007ff9aafaa000 	C:\Windows\SYSTEM32\WINHTTP.dll
0x00007ff9b86d0000 - 0x00007ff9b8737000 	C:\Windows\system32\mswsock.dll
0x00007ff99ea40000 - 0x00007ff99ea56000 	D:\Java\jdk-19\bin\nio.dll
0x00007ff99d860000 - 0x00007ff99d87a000 	D:\JetBrains\IntelliJ IDEA Community Edition 2021.1.1\bin\breakgen64.dll
0x00007ff99da30000 - 0x00007ff99da38000 	D:\Java\jdk-19\bin\extnet.dll
0x00007ff9a7470000 - 0x00007ff9a7480000 	D:\Java\jdk-19\bin\verify.dll
0x00007ff9b8250000 - 0x00007ff9b8283000 	C:\Windows\system32\rsaenh.dll
0x00007ff9b8f50000 - 0x00007ff9b8f76000 	C:\Windows\System32\bcrypt.dll
0x00007ff9b8db0000 - 0x00007ff9b8dd5000 	C:\Windows\SYSTEM32\USERENV.dll
0x00007ff9b88a0000 - 0x00007ff9b88ac000 	C:\Windows\SYSTEM32\CRYPTBASE.dll
0x00007ff9b83e0000 - 0x00007ff9b841a000 	C:\Windows\SYSTEM32\IPHLPAPI.DLL
0x00007ff9bb860000 - 0x00007ff9bb868000 	C:\Windows\System32\NSI.dll
0x00007ff9b0080000 - 0x00007ff9b0096000 	C:\Windows\SYSTEM32\dhcpcsvc6.DLL
0x00007ff9b0920000 - 0x00007ff9b093c000 	C:\Windows\SYSTEM32\dhcpcsvc.DLL
0x00007ff9b8430000 - 0x00007ff9b84fb000 	C:\Windows\SYSTEM32\DNSAPI.dll

dbghelp: loaded successfully - version: 4.0.5 - missing functions: none
symbol engine: initialized successfully - sym options: 0x614 - pdb path: .;D:\Java\jdk-19\bin;C:\Windows\SYSTEM32;C:\Windows\WinSxS\amd64_microsoft.windows.common-controls_6595b64144ccf1df_6.0.18362.1556_none_9e7e372fe45e41d5;D:\Java\jdk-19\bin\server;D:\JetBrains\IntelliJ IDEA Community Edition 2021.1.1\bin

VM Arguments:
jvm_args: -ea -javaagent:C:\Users\wiku\AppData\Local\JetBrains\IdeaIC2021.1\testAgent\intellij-coverage-agent-1.0.579.jar=C:\Users\wiku\AppData\Local\Temp\coverage1args -Didea.test.cyclic.buffer.size=1048576 -javaagent:D:\JetBrains\IntelliJ IDEA Community Edition 2021.1.1\lib\idea_rt.jar=51196:D:\JetBrains\IntelliJ IDEA Community Edition 2021.1.1\bin -Dfile.encoding=UTF-8 
java_command: com.intellij.rt.testng.RemoteTestNGStarter -usedefaultlisteners false -socket51195 @w@C:\Users\wiku\AppData\Local\Temp\idea_working_dirs_testng.tmp -temp C:\Users\wiku\AppData\Local\Temp\idea_testng.tmp
java_class_path (initial): D:\JetBrains\IntelliJ IDEA Community Edition 2021.1.1\lib\idea_rt.jar;D:\JetBrains\IntelliJ IDEA Community Edition 2021.1.1\plugins\testng\lib\testng-rt.jar;E:\Data\WIKU_YOGA_NDARU\RocknationTesting\target\test-classes;E:\Data\WIKU_YOGA_NDARU\RocknationTesting\target\classes;C:\Users\wiku\.m2\repository\org\seleniumhq\selenium\selenium-java\4.8.1\selenium-java-4.8.1.jar;C:\Users\wiku\.m2\repository\org\seleniumhq\selenium\selenium-api\4.8.1\selenium-api-4.8.1.jar;C:\Users\wiku\.m2\repository\org\seleniumhq\selenium\selenium-devtools-v108\4.8.1\selenium-devtools-v108-4.8.1.jar;C:\Users\wiku\.m2\repository\org\seleniumhq\selenium\selenium-devtools-v109\4.8.1\selenium-devtools-v109-4.8.1.jar;C:\Users\wiku\.m2\repository\org\seleniumhq\selenium\selenium-devtools-v110\4.8.1\selenium-devtools-v110-4.8.1.jar;C:\Users\wiku\.m2\repository\org\seleniumhq\selenium\selenium-devtools-v85\4.8.1\selenium-devtools-v85-4.8.1.jar;C:\Users\wiku\.m2\repository\org\seleniumhq\selenium\selenium-edge-driver\4.8.1\selenium-edge-driver-4.8.1.jar;C:\Users\wiku\.m2\repository\org\seleniumhq\selenium\selenium-firefox-driver\4.8.1\selenium-firefox-driver-4.8.1.jar;C:\Users\wiku\.m2\repository\org\seleniumhq\selenium\selenium-http\4.8.1\selenium-http-4.8.1.jar;C:\Users\wiku\.m2\repository\dev\failsafe\failsafe\3.3.0\failsafe-3.3.0.jar;C:\Users\wiku\.m2\repository\org\seleniumhq\selenium\selenium-ie-driver\4.8.1\selenium-ie-driver-4.8.1.jar;C:\Users\wiku\.m2\repository\org\seleniumhq\selenium\selenium-remote-driver\4.8.1\selenium-remote-driver-4.8.1.jar;C:\Users\wiku\.m2\repository\io\netty\netty-buffer\4.1.87.Final\netty-buffer-4.1.87.Final.jar;C:\Users\wiku\.m2\repository\io\netty\netty-codec-http\4.1.87.Final\netty-codec-http-4.1.87.Final.jar;C:\Users\wiku\.m2\repository\io\netty\netty-codec\4.1.87.Final\netty-codec-4.1.87.Final.jar;C:\Users\wiku\.m2\repository\io\netty\netty-handler\4.1.87.Final\netty-handler-4.1.87.Final.jar;C:\Users\wiku\.m2\repository\io\netty\netty-common\4.1.87.Final\netty-common-4.1.87.Final.jar;C:\Users\wiku\.m2\repository\io\netty\netty-transport-classes-epoll\4.1.87.Final\netty-transport-classes-epoll-4.1.87.Final.jar;C:\Users\wiku\.m2\repository\io\netty\netty-transport-classes-kqueue\4.1.87.Final\netty-transport-classes-kqueue-4.1.87.Final.jar;C:\Users\wiku\.m2\repository\io\netty\netty-transport-native-epoll\4.1.87.Final\netty-transport-native-epoll-4.1.87.Final.jar;C:\Users\wiku\.m2\repository\io\netty\netty-transport-native-kqueue\4.1.87.Final\netty-transport-native-kqueue-4.1.87.Final.jar;C:\Users\wiku\.m2\repository\io\netty\netty-transport-native-unix-common\4.1.87.Final\netty-transport-native-unix-common-4.1.87.Final.jar;C:\Users\wiku\.m2\repository\io\netty\netty-transport\4.1.87.Final\netty-transport-4.1.87.Final.jar;C:\Users\wiku\.m2\repository\io\netty\netty-resolver\4.1.87.Final\netty-resolver-4.1.87.Final.jar;C:\Users\wiku\.m2\repository\io\opentelemetry\opentelemetry-api\1.22.0\opentelemetry-api-1.22.0.jar;C:\Users\wiku\.m2\repository\io\opentelemetry\opentelemetry-context\1.22.0\opentelemetry-context-1.22.0.jar;C:\Users\wiku\.m2\repository\io\opentelemetry\opentelemetry-exporter-logging\1.22.0\opentelemetry-exporter-logging-1.22.0.jar;C:\Users\wiku\.m2\repository\io\opentelemetry\opentelemetry-sdk-metrics\1.22.0\opentelemetry-sdk-metrics-1.22.0.jar;C:\Users\wiku\.m2\repository\io\opentelemetry\opentelemetry-sdk-logs\1.22.0-alpha\opentelemetry-sdk-logs-1.22.0-alpha.jar;C:\Users\wiku\.m2\repository\io\opentelemetry\opentelemetry-api-logs\1.22.0-alpha\opentelemetry-api-logs-1.22.0-alpha.jar;C:\Users\wiku\.m2\repository\io\opentelemetry\opentelemetry-sdk-common\1.22.0\opentelemetry-sdk-common-1.22.0.jar;C:\Users\wiku\.m2\repository\io\opentelemetry\opentelemetry-sdk-extension-autoconfigure-spi\1.22.0\opentelemetry-sdk-extension-autoconfigure-spi-1.22.0.jar;C:\Users\wiku\.m2\repository\io\opentelemetry\opentelemetry-sdk-extension-autoconfigure\1.22.0-alpha\opentelemetry-sdk-extension-autoconfigure-1.22.0-alpha.jar;C:\Users\wiku\.m2\repository\io\opentelemetry\opentelemetry-sdk-trace\1.22.0\opentelemetry-sdk-trace-1.22.0.jar;C:\Users\wiku\.m2\repository\io\opentelemetry\opentelemetry-sdk\1.22.0\opentelemetry-sdk-1.22.0.jar;C:\Users\wiku\.m2\repository\io\opentelemetry\opentelemetry-semconv\1.22.0-alpha\opentelemetry-semconv-1.22.0-alpha.jar;C:\Users\wiku\.m2\repository\io\ous\jtoml\2.0.0\jtoml-2.0.0.jar;C:\Users\wiku\.m2\repository\org\apache\commons\commons-exec\1.3\commons-exec-1.3.jar;C:\Users\wiku\.m2\repository\org\asynchttpclient\async-http-client\2.12.3\async-http-client-2.12.3.jar;C:\Users\wiku\.m2\repository\org\asynchttpclient\async-http-client-netty-utils\2.12.3\async-http-client-netty-utils-2.12.3.jar;C:\Users\wiku\.m2\repository\io\netty\netty-codec-socks\4.1.60.Final\netty-codec-socks-4.1.60.Final.jar;C:\Users\wiku\.m2\repository\io\netty\netty-handler-proxy\4.1.60.Final\netty-handler-proxy-4.1.60.Final.jar;C:\Users\wiku\.m2\repository\io\netty\netty-transport-native-epoll\4.1.60.Final\netty-transport-native-epoll-4.1.60.Final-linux-x86_64.jar;C:\Users\wiku\.m2\repository\io\netty\netty-transport-native-kqueue\4.1.60.Final\netty-transport-native-kqueue-4.1.60.Final-osx-x86_64.jar;C:\Users\wiku\.m2\repository\org\reactivestreams\reactive-streams\1.0.3\reactive-streams-1.0.3.jar;C:\Users\wiku\.m2\repository\com\typesafe\netty\netty-reactive-streams\2.0.4\netty-reactive-streams-2.0.4.jar;C:\Users\wiku\.m2\repository\com\sun\activation\jakarta.activation\1.2.2\jakarta.activation-1.2.2.jar;C:\Users\wiku\.m2\repository\org\seleniumhq\selenium\selenium-manager\4.8.1\selenium-manager-4.8.1.jar;C:\Users\wiku\.m2\repository\org\seleniumhq\selenium\selenium-safari-driver\4.8.1\selenium-safari-driver-4.8.1.jar;C:\Users\wiku\.m2\repository\org\seleniumhq\selenium\selenium-chrome-driver\4.8.1\selenium-chrome-driver-4.8.1.jar;C:\Users\wiku\.m2\repository\com\google\auto\service\auto-service-annotations\1.0.1\auto-service-annotations-1.0.1.jar;C:\Users\wiku\.m2\repository\com\google\auto\service\auto-service\1.0.1\auto-service-1.0.1.jar;C:\Users\wiku\.m2\repository\com\google\auto\auto-common\1.2\auto-common-1.2.jar;C:\Users\wiku\.m2\repository\com\google\guava\guava\31.1-jre\guava-31.1-jre.jar;C:\Users\wiku\.m2\repository\com\google\guava\failureaccess\1.0.1\failureaccess-1.0.1.jar;C:\Users\wiku\.m2\repository\com\google\guava\listenablefuture\9999.0-empty-to-avoid-conflict-with-guava\listenablefuture-9999.0-empty-to-avoid-conflict-with-guava.jar;C:\Users\wiku\.m2\repository\com\google\code\findbugs\jsr305\3.0.2\jsr305-3.0.2.jar;C:\Users\wiku\.m2\repository\org\checkerframework\checker-qual\3.12.0\checker-qual-3.12.0.jar;C:\Users\wiku\.m2\repository\com\google\errorprone\error_prone_annotations\2.11.0\error_prone_annotations-2.11.0.jar;C:\Users\wiku\.m2\repository\com\google\j2objc\j2objc-annotations\1.3\j2objc-annotations-1.3.jar;C:\Users\wiku\.m2\repository\org\seleniumhq\selenium\selenium-chromium-driver\4.8.1\selenium-chromium-driver-4.8.1.jar;C:\Users\wiku\.m2\repository\org\seleniumhq\selenium\selenium-json\4.8.1\selenium-json-4.8.1.jar;C:\Users\wiku\.m2\repository\org\testng\testng\7.7.1\testng-7.7.1.jar;C:\Users\wiku\.m2\repository\org\slf4j\slf4j-api\1.7.36\slf4j-api-1.7.36.jar;C:\Users\wiku\.m2\repository\com\beust\jcommander\1.82\jcommander-1.82.jar;C:\Users\wiku\.m2\repository\org\webjars\jquery\3.6.1\jquery-3.6.1.jar;C:\Users\wiku\.m2\repository\org\seleniumhq\selenium\selenium-support\4.8.1\selenium-support-4.8.1.jar;C:\Users\wiku\.m2\repository\net\bytebuddy\byte-buddy\1.12.22\byte-buddy-1.12.22.jar
Launcher Type: SUN_STANDARD

[Global flags]
     intx CICompilerCount                          = 3                                         {product} {ergonomic}
     uint ConcGCThreads                            = 1                                         {product} {ergonomic}
     uint G1ConcRefinementThreads                  = 4                                         {product} {ergonomic}
   size_t G1HeapRegionSize                         = 1048576                                   {product} {ergonomic}
    uintx GCDrainStackTargetSize                   = 64                                        {product} {ergonomic}
   size_t InitialHeapSize                          = 117440512                                 {product} {ergonomic}
   size_t MarkStackSize                            = 4194304                                   {product} {ergonomic}
   size_t MaxHeapSize                              = 1860173824                                {product} {ergonomic}
   size_t MaxNewSize                               = 1115684864                                {product} {ergonomic}
   size_t MinHeapDeltaBytes                        = 1048576                                   {product} {ergonomic}
   size_t MinHeapSize                              = 8388608                                   {product} {ergonomic}
    uintx NonNMethodCodeHeapSize                   = 5832780                                {pd product} {ergonomic}
    uintx NonProfiledCodeHeapSize                  = 122912730                              {pd product} {ergonomic}
    uintx ProfiledCodeHeapSize                     = 122912730                              {pd product} {ergonomic}
    uintx ReservedCodeCacheSize                    = 251658240                              {pd product} {ergonomic}
     bool SegmentedCodeCache                       = true                                      {product} {ergonomic}
   size_t SoftMaxHeapSize                          = 1860173824                             {manageable} {ergonomic}
     bool UseCompressedClassPointers               = true                           {product lp64_product} {ergonomic}
     bool UseCompressedOops                        = true                           {product lp64_product} {ergonomic}
     bool UseG1GC                                  = true                                      {product} {ergonomic}
     bool UseLargePagesIndividualAllocation        = false                                  {pd product} {ergonomic}

Logging:
Log output configuration:
 #0: stdout all=warning uptime,level,tags foldmultilines=false
 #1: stderr all=off uptime,level,tags foldmultilines=false

Environment Variables:
JAVA_HOME=C:\Program Files\Java\jdk-15.0.1
PATH=C:\Program Files\Common Files\Oracle\Java\javapath;C:\Program Files (x86)\Common Files\Intel\Shared Libraries\redist\intel64\compiler;C:\Windows\system32;C:\Windows;C:\Windows\System32\Wbem;C:\Windows\System32\WindowsPowerShell\v1.0\;C:\Windows\System32\OpenSSH\;C:\Program Files\Git\cmd;C:\Program Files\nodejs\;C:\Users\wiku\AppData\Local\Programs;C:\Program Files\ampp\php;C:\ProgramData\ComposerSetup\bin;D:\metasploit-framework\bin\;C:\xampp\php;C:\xampp\php\php.exe;C:\Users\wiku\AppData\Local\Android\Sdk\platform-tools;C:\Users\wiku\AppData\Local\Microsoft\WindowsApps;C:\Users\wiku\AppData\Roaming\npm;C:\Users\wiku\AppData\Roaming\Composer\vendor\bin;D:\JetBrains\IntelliJ IDEA Community Edition 2021.1.1\bin;;C:\Program Files\PostgreSQL\13\bin;C:\xampp\php\php.exe;C:\Users\wiku\AppData\Roaming\Composer\vendor\bin;C:\Users\wiku\Videos\ApkTool
USERNAME=wiku
OS=Windows_NT
PROCESSOR_IDENTIFIER=AMD64 Family 22 Model 48 Stepping 1, AuthenticAMD
TMP=C:\Users\wiku\AppData\Local\Temp
TEMP=C:\Users\wiku\AppData\Local\Temp



---------------  S Y S T E M  ---------------

OS:
 Windows 10 , 64 bit Build 18362 (10.0.18362.1500)
OS uptime: 0 days 0:54 hours

CPU: total 4 (initial active 4) (4 cores per cpu, 1 threads per core) family 22 model 48 stepping 1 microcode 0x0, cx8, cmov, fxsr, mmx, 3dnowpref, sse, sse2, sse3, ssse3, sse4a, sse4.1, sse4.2, popcnt, lzcnt, tsc, tscinvbit, avx, aes, clmul, bmi1, vzeroupper, clflush, rdtscp

Memory: 4k page, system-wide physical 7093M (731M free)
TotalPageFile size 7093M (AvailPageFile size 11M)
current process WorkingSet (physical memory assigned to process): 72M, peak: 72M
current process commit charge ("private bytes"): 204M, peak: 204M

vm_info: Java HotSpot(TM) 64-Bit Server VM (19.0.2+7-44) for windows-amd64 JRE (19.0.2+7-44), built on 2022-11-30T18:02:09Z by "mach5one" with MS VC++ 17.1 (VS2022)

END.
